<?xml version="1.0" encoding="UTF-8"?>
<testng-results skipped="0" failed="0" total="1" passed="1">
  <reporter-output>
  </reporter-output>
  <suite name="com.adept.findjob.mytest.AppTest" duration-ms="65408" started-at="2014-09-08T11:22:40Z" finished-at="2014-09-08T11:23:46Z">
    <groups>
    </groups>
    <test name="Command line test" duration-ms="65408" started-at="2014-09-08T11:22:40Z" finished-at="2014-09-08T11:23:46Z">
      <class name="com.adept.findjob.mytest.AppTest">
        <test-method status="PASS" signature="Saucetest()" name="Saucetest" duration-ms="65012" started-at="2014-09-08T11:22:40Z" finished-at="2014-09-08T11:23:45Z">
        </test-method>
        <test-method status="PASS" signature="killdriver()" name="killdriver" is-config="true" duration-ms="382" started-at="2014-09-08T11:23:45Z" finished-at="2014-09-08T11:23:46Z">
        </test-method>
      </class>
    </test>
  </suite>
</testng-results>
